SF:lib\src\open_meteo_api_client.dart
DA:24,0
DA:25,0
DA:33,0
DA:34,0
DA:37,0
DA:40,0
DA:42,0
DA:43,0
DA:46,0
DA:48,0
DA:50,0
DA:52,0
DA:54,0
DA:58,0
DA:62,0
DA:63,0
DA:64,0
DA:68,0
DA:70,0
DA:71,0
DA:74,0
DA:76,0
DA:77,0
DA:80,0
DA:82,0
LF:25
LH:0
end_of_record
SF:lib\src\models\location.dart
DA:25,1
DA:32,1
DA:34,2
DA:35,1
DA:36,2
DA:39,1
DA:40,1
DA:41,1
DA:42,1
DA:45,1
LF:10
LH:10
end_of_record
SF:lib\src\models\location.g.dart
DA:11,2
DA:14,1
DA:15,1
DA:16,3
DA:17,2
DA:18,3
DA:19,3
LF:7
LH:7
end_of_record
SF:lib\src\models\weather.dart
DA:16,1
DA:18,1
DA:20,2
DA:21,1
DA:22,2
DA:25,2
DA:28,4
DA:32,1
LF:8
LH:8
end_of_record
SF:lib\src\models\weather.g.dart
DA:11,2
DA:14,1
DA:15,1
DA:17,3
DA:19,3
LF:5
LH:5
end_of_record
